-------------------------------------------------------------------------------
Test set: dev.michaelcao512.socialmedia.UnitTesting.ReactionTest
-------------------------------------------------------------------------------
Tests run: 4, Failures: 0, Errors: 2, Skipped: 0, Time elapsed: 0.568 s <<< FAILURE! -- in dev.michaelcao512.socialmedia.UnitTesting.ReactionTest
dev.michaelcao512.socialmedia.UnitTesting.ReactionTest.testCreateReaction -- Time elapsed: 0.494 s <<< ERROR!
java.lang.NullPointerException: Cannot invoke "dev.michaelcao512.socialmedia.Repositories.AccountRepository.findById(Object)" because "this.accountRepository" is null
	at dev.michaelcao512.socialmedia.Services.ReactionService.createReaction(ReactionService.java:37)
	at dev.michaelcao512.socialmedia.UnitTesting.ReactionTest.testCreateReaction(ReactionTest.java:58)
	at java.base/java.lang.reflect.Method.invoke(Method.java:580)
	at java.base/java.util.ArrayList.forEach(ArrayList.java:1597)
	at java.base/java.util.ArrayList.forEach(ArrayList.java:1597)

dev.michaelcao512.socialmedia.UnitTesting.ReactionTest.testDeleteReaction -- Time elapsed: 0.027 s <<< ERROR!
java.lang.IllegalArgumentException: Reaction does not exist
	at dev.michaelcao512.socialmedia.Services.ReactionService.deleteReaction(ReactionService.java:74)
	at dev.michaelcao512.socialmedia.UnitTesting.ReactionTest.testDeleteReaction(ReactionTest.java:76)
	at java.base/java.lang.reflect.Method.invoke(Method.java:580)
	at java.base/java.util.ArrayList.forEach(ArrayList.java:1597)
	at java.base/java.util.ArrayList.forEach(ArrayList.java:1597)

