-------------------------------------------------------------------------------
Test set: dev.michaelcao512.socialmedia.UnitTesting.PostTest
-------------------------------------------------------------------------------
Tests run: 6, Failures: 1, Errors: 1, Skipped: 0, Time elapsed: 0.212 s <<< FAILURE! -- in dev.michaelcao512.socialmedia.UnitTesting.PostTest
dev.michaelcao512.socialmedia.UnitTesting.PostTest.testCreatePost -- Time elapsed: 0.048 s <<< FAILURE!
org.opentest4j.AssertionFailedError: Unexpected exception type thrown, expected: <java.lang.IllegalArgumentException> but was: <java.lang.NullPointerException>
	at org.junit.jupiter.api.AssertionFailureBuilder.build(AssertionFailureBuilder.java:151)
	at org.junit.jupiter.api.AssertThrows.assertThrows(AssertThrows.java:67)
	at org.junit.jupiter.api.AssertThrows.assertThrows(AssertThrows.java:35)
	at org.junit.jupiter.api.Assertions.assertThrows(Assertions.java:3128)
	at dev.michaelcao512.socialmedia.UnitTesting.PostTest.testCreatePost(PostTest.java:61)
	at java.base/java.lang.reflect.Method.invoke(Method.java:580)
	at java.base/java.util.ArrayList.forEach(ArrayList.java:1597)
	at java.base/java.util.ArrayList.forEach(ArrayList.java:1597)
Caused by: java.lang.NullPointerException: Cannot invoke "dev.michaelcao512.socialmedia.dto.Requests.CreatePostRequest.post()" because "createPostRequest" is null
	at dev.michaelcao512.socialmedia.Services.PostService.createPost(PostService.java:27)
	at dev.michaelcao512.socialmedia.UnitTesting.PostTest.lambda$testCreatePost$0(PostTest.java:61)
	at org.junit.jupiter.api.AssertThrows.assertThrows(AssertThrows.java:53)
	... 6 more

dev.michaelcao512.socialmedia.UnitTesting.PostTest.testDeletePost -- Time elapsed: 0.010 s <<< ERROR!
java.lang.IllegalArgumentException: Post does not exist
	at dev.michaelcao512.socialmedia.Services.PostService.deletePost(PostService.java:59)
	at dev.michaelcao512.socialmedia.UnitTesting.PostTest.testDeletePost(PostTest.java:106)
	at java.base/java.lang.reflect.Method.invoke(Method.java:580)
	at java.base/java.util.ArrayList.forEach(ArrayList.java:1597)
	at java.base/java.util.ArrayList.forEach(ArrayList.java:1597)

